modules/podsnow-recorder/android/build/intermediates/manifest_merge_blame_file/debug/processDebugManifest/manifest-merger-blame-debug-report.txt
1<?xml version="1.0" encoding="utf-8"?>
2<manifest xmlns:android="http://schemas.android.com/apk/res/android"
3    package="dev.nemotea.podsnow.recorder" >
4
5    <uses-sdk android:minSdkVersion="24" />
6
7    <uses-permission android:name="android.permission.RECORD_AUDIO" />
7-->src/main/AndroidManifest.xml:2:3-69
7-->src/main/AndroidManifest.xml:2:20-66
8    <uses-permission android:name="android.permission.FOREGROUND_SERVICE" />
8-->src/main/AndroidManifest.xml:3:3-75
8-->src/main/AndroidManifest.xml:3:20-72
9    <uses-permission android:name="android.permission.FOREGROUND_SERVICE_MICROPHONE" />
9-->src/main/AndroidManifest.xml:4:3-86
9-->src/main/AndroidManifest.xml:4:20-83
10    <uses-permission android:name="android.permission.POST_NOTIFICATIONS" />
10-->src/main/AndroidManifest.xml:5:3-75
10-->src/main/AndroidManifest.xml:5:20-72
11    <uses-permission android:name="android.permission.MODIFY_AUDIO_SETTINGS" />
11-->src/main/AndroidManifest.xml:6:3-78
11-->src/main/AndroidManifest.xml:6:20-75
12
13    <application>
13-->src/main/AndroidManifest.xml:8:3-14:17
14
15        <!-- 録音中にプロセスを維持するためのフォアグラウンドサービス（Android 14+ は type 必須） -->
16        <service
16-->src/main/AndroidManifest.xml:10:5-13:52
17            android:name="dev.nemotea.podsnow.recorder.RecorderService"
17-->src/main/AndroidManifest.xml:11:7-66
18            android:exported="false"
18-->src/main/AndroidManifest.xml:12:7-31
19            android:foregroundServiceType="microphone" />
19-->src/main/AndroidManifest.xml:13:7-49
20    </application>
21
22</manifest>